
── Ejecución 2026-05-15T17:35:28 ──
  qué le pasa → No encontrado en ARASAAC
  outside → No encontrado en ARASAAC
  agradecido → No encontrado en ARASAAC
  asqueado → No encontrado en ARASAAC
  celeste → No encontrado en ARASAAC
  celoso → No encontrado en ARASAAC
  confundido → No encontrado en ARASAAC
  enojado → No encontrado en ARASAAC
  esperanzado → No encontrado en ARASAAC
  frijoles → No encontrado en ARASAAC
  frustrado → No encontrado en ARASAAC
  fucsia → No encontrado en ARASAAC
  jalar → No encontrado en ARASAAC
  magenta → No encontrado en ARASAAC
  patineta → No encontrado en ARASAAC
  shorts → No encontrado en ARASAAC
  turquesa → No encontrado en ARASAAC
  índigo → No encontrado en ARASAAC

── Ejecución 2026-05-15T17:45:22 ──
  frases.json → outside → No encontrado en ARASAAC
  frases.json → qué le pasa → No encontrado en ARASAAC
  memorama.json → agradecido → No encontrado en ARASAAC
  memorama.json → asqueado → No encontrado en ARASAAC
  memorama.json → celeste → No encontrado en ARASAAC
  memorama.json → celoso → No encontrado en ARASAAC
  memorama.json → confundido → No encontrado en ARASAAC
  memorama.json → enojado → No encontrado en ARASAAC
  memorama.json → esperanzado → No encontrado en ARASAAC
  memorama.json → frijoles → No encontrado en ARASAAC
  memorama.json → frustrado → No encontrado en ARASAAC
  memorama.json → fucsia → No encontrado en ARASAAC
  memorama.json → jalar → No encontrado en ARASAAC
  memorama.json → magenta → No encontrado en ARASAAC
  memorama.json → patineta → No encontrado en ARASAAC
  memorama.json → shorts → No encontrado en ARASAAC
  memorama.json → turquesa → No encontrado en ARASAAC
  memorama.json → índigo → No encontrado en ARASAAC

── Ejecución 2026-05-15T18:02:16 ──
  frases.json → outside → No encontrado en ARASAAC
  frases.json → qué le pasa → No encontrado en ARASAAC
  memorama.json → celeste → No encontrado en ARASAAC
  memorama.json → celoso → No encontrado en ARASAAC
  memorama.json → frustrado → No encontrado en ARASAAC
  memorama.json → fucsia → No encontrado en ARASAAC
  memorama.json → magenta → No encontrado en ARASAAC
  memorama.json → turquesa → No encontrado en ARASAAC
  memorama.json → índigo → No encontrado en ARASAAC
